<?xml version="1.0" encoding="UTF-8"?>
<!-- Generated by org.testng.reporters.JUnitReportReporter -->
<testsuite skipped="0" hostname="N396187A-DEN-OEM-2.local" name="getRequest.BadData" tests="5" failures="0" timestamp="27 Nov 2019 16:04:19 GMT" time="2.475" errors="0">
  <testcase name="testResponseCodeFromBadFullName" time="0.296" classname="getRequest.BadData"/>
  <testcase name="testResponseCodeFromCountryCodeTooLong" time="0.274" classname="getRequest.BadData"/>
  <testcase name="testResponseCodeFromBadCountryCode" time="1.333" classname="getRequest.BadData"/>
  <testcase name="testResponseCodeFromBadPartialName" time="0.288" classname="getRequest.BadData"/>
  <testcase name="testResponseCodeFromFullNameTooLong" time="0.284" classname="getRequest.BadData"/>
</testsuite> <!-- getRequest.BadData -->
